<?xml version="1.0" encoding="UTF-8"?>
<testsuite xmlns:xsi="http://www.w3.org/2001/XMLSchema-instance" xsi:noNamespaceSchemaLocation="https://maven.apache.org/surefire/maven-surefire-plugin/xsd/surefire-test-report-3.0.xsd" version="3.0" name="com.example.jap.RestdemoApplicationTests" time="0.968" tests="1" errors="0" skipped="0" failures="0">
  <properties>
[...]
</properties>
  <testcase name="contextLoads" classname="com.example.jap.RestdemoApplicationTests" time="0.003">
    <system-out><![CDATA[2024-11-07T16:47:46.998+05:30  INFO 31828 --- [restdemoApplication] [           main] t.c.s.AnnotationConfigContextLoaderUtils : Could not detect default configuration classes for test class [com.example.jap.RestdemoApplicationTests]: RestdemoApplicationTests does not declare any static, non-private, non-final, nested classes annotated with @Configuration.
2024-11-07T16:47:47.003+05:30  INFO 31828 --- [restdemoApplication] [           main] .b.t.c.SpringBootTestContextBootstrapper : Found @SpringBootConfiguration com.example.jap.RestdemoApplication for test class com.example.jap.RestdemoApplicationTests

  .   ____          _            __ _ _
 /\\ / ___'_ __ _ _(_)_ __  __ _ \ \ \ \
( ( )\___ | '_ | '_| | '_ \/ _` | \ \ \ \
 \\/  ___)| |_)| | | | | || (_| |  ) ) ) )
  '  |____| .__|_| |_|_| |_\__, | / / / /
 =========|_|==============|___/=/_/_/_/

 :: Spring Boot ::                (v3.3.5)

2024-11-07T16:47:47.054+05:30  INFO 31828 --- [restdemoApplication] [           main] c.example.jap.RestdemoApplicationTests   : Starting RestdemoApplicationTests using Java 21.0.1 with PID 31828 (started by ixsaa in C:\Users\ixsaa\IdeaProjects\BEJ_C2_S2_REST_API_MONGODB_PC_1\C2_S2_Practice)
2024-11-07T16:47:47.055+05:30  INFO 31828 --- [restdemoApplication] [           main] c.example.jap.RestdemoApplicationTests   : No active profile set, falling back to 1 default profile: "default"
2024-11-07T16:47:47.405+05:30  INFO 31828 --- [restdemoApplication] [           main] .s.d.r.c.RepositoryConfigurationDelegate : Bootstrapping Spring Data MongoDB repositories in DEFAULT mode.
2024-11-07T16:47:47.412+05:30  INFO 31828 --- [restdemoApplication] [           main] .s.d.r.c.RepositoryConfigurationDelegate : Finished Spring Data repository scanning in 6 ms. Found 1 MongoDB repository interface.
2024-11-07T16:47:47.515+05:30 DEBUG 31828 --- [restdemoApplication] [           main] org.mongodb.driver.connection            : Connection pool created for localhost:27017 using options maxIdleTimeMS=0, minPoolSize=0, maxPoolSize=100, maxConnecting=2, waitQueueTimeoutMS=120000
2024-11-07T16:47:47.515+05:30 DEBUG 31828 --- [restdemoApplication] [           main] org.mongodb.driver.cluster               : Updating cluster description to  {type=UNKNOWN, servers=[{address=localhost:27017, type=UNKNOWN, state=CONNECTING}]
2024-11-07T16:47:47.516+05:30  INFO 31828 --- [restdemoApplication] [           main] org.mongodb.driver.client                : MongoClient with metadata {"driver": {"name": "mongo-java-driver|sync|spring-boot", "version": "5.0.1"}, "os": {"type": "Windows", "name": "Windows 11", "architecture": "amd64", "version": "10.0"}, "platform": "Java/Oracle Corporation/21.0.1+12-LTS-29"} created with settings MongoClientSettings{readPreference=primary, writeConcern=WriteConcern{w=null, wTimeout=null ms, journal=null}, retryWrites=true, retryReads=true, readConcern=ReadConcern{level=null}, credential=null, transportSettings=null, commandListeners=[], codecRegistry=ProvidersCodecRegistry{codecProviders=[ValueCodecProvider{}, BsonValueCodecProvider{}, DBRefCodecProvider{}, DBObjectCodecProvider{}, DocumentCodecProvider{}, CollectionCodecProvider{}, IterableCodecProvider{}, MapCodecProvider{}, GeoJsonCodecProvider{}, GridFSFileCodecProvider{}, Jsr310CodecProvider{}, JsonObjectCodecProvider{}, BsonCodecProvider{}, EnumCodecProvider{}, com.mongodb.client.model.mql.ExpressionCodecProvider@350d3f4d, com.mongodb.Jep395RecordCodecProvider@18b8d173, com.mongodb.KotlinCodecProvider@73844119]}, loggerSettings=LoggerSettings{maxDocumentLength=1000}, clusterSettings={hosts=[localhost:27017], srvServiceName=mongodb, mode=SINGLE, requiredClusterType=UNKNOWN, requiredReplicaSetName='null', serverSelector='null', clusterListeners='[]', serverSelectionTimeout='30000 ms', localThreshold='15 ms'}, socketSettings=SocketSettings{connectTimeoutMS=10000, readTimeoutMS=0, receiveBufferSize=0, proxySettings=ProxySettings{host=null, port=null, username=null, password=null}}, heartbeatSocketSettings=SocketSettings{connectTimeoutMS=10000, readTimeoutMS=10000, receiveBufferSize=0, proxySettings=ProxySettings{host=null, port=null, username=null, password=null}}, connectionPoolSettings=ConnectionPoolSettings{maxSize=100, minSize=0, maxWaitTimeMS=120000, maxConnectionLifeTimeMS=0, maxConnectionIdleTimeMS=0, maintenanceInitialDelayMS=0, maintenanceFrequencyMS=60000, connectionPoolListeners=[], maxConnecting=2}, serverSettings=ServerSettings{heartbeatFrequencyMS=10000, minHeartbeatFrequencyMS=500, serverListeners='[]', serverMonitorListeners='[]'}, sslSettings=SslSettings{enabled=false, invalidHostNameAllowed=false, context=null}, applicationName='null', compressorList=[], uuidRepresentation=JAVA_LEGACY, serverApi=null, autoEncryptionSettings=null, dnsClient=null, inetAddressResolver=null, contextProvider=null}
2024-11-07T16:47:47.517+05:30  INFO 31828 --- [restdemoApplication] [localhost:27017] org.mongodb.driver.cluster               : Monitor thread successfully connected to server with description ServerDescription{address=localhost:27017, type=STANDALONE, state=CONNECTED, ok=true, minWireVersion=0, maxWireVersion=25, maxDocumentSize=16777216, logicalSessionTimeoutMinutes=30, roundTripTimeNanos=1023800}
2024-11-07T16:47:47.517+05:30 DEBUG 31828 --- [restdemoApplication] [localhost:27017] org.mongodb.driver.connection            : Connection pool ready for localhost:27017
2024-11-07T16:47:47.518+05:30 DEBUG 31828 --- [restdemoApplication] [localhost:27017] org.mongodb.driver.cluster               : Updating cluster description to  {type=STANDALONE, servers=[{address=localhost:27017, type=STANDALONE, roundTripTime=1.0 ms, state=CONNECTED}]
2024-11-07T16:47:47.518+05:30 DEBUG 31828 --- [restdemoApplication] [localhost:27017] org.mongodb.driver.cluster               : Checking status of localhost:27017
2024-11-07T16:47:47.949+05:30  INFO 31828 --- [restdemoApplication] [           main] c.example.jap.RestdemoApplicationTests   : Started RestdemoApplicationTests in 0.931 seconds (process running for 4.088)
]]></system-out>
  </testcase>
</testsuite>