<?xml version="1.0" encoding="UTF-8"?>
<testsuite xmlns:xsi="http://www.w3.org/2001/XMLSchema-instance" xsi:noNamespaceSchemaLocation="https://maven.apache.org/surefire/maven-surefire-plugin/xsd/surefire-test-report-3.0.xsd" version="3.0" name="com.example.jap.CustomerRepositoryTest" time="2.613" tests="5" errors="0" skipped="0" failures="0">
  <properties>
[...]
</properties>
  <testcase name="testFindByIdSuccess" classname="com.example.jap.CustomerRepositoryTest" time="0.925">
    <system-out><![CDATA[16:47:44.545 [main] INFO org.springframework.test.context.support.AnnotationConfigContextLoaderUtils -- Could not detect default configuration classes for test class [com.example.jap.CustomerRepositoryTest]: CustomerRepositoryTest does not declare any static, non-private, non-final, nested classes annotated with @Configuration.
16:47:44.676 [main] INFO org.springframework.boot.test.context.SpringBootTestContextBootstrapper -- Found @SpringBootConfiguration com.example.jap.RestdemoApplication for test class com.example.jap.CustomerRepositoryTest

  .   ____          _            __ _ _
 /\\ / ___'_ __ _ _(_)_ __  __ _ \ \ \ \
( ( )\___ | '_ | '_| | '_ \/ _` | \ \ \ \
 \\/  ___)| |_)| | | | | || (_| |  ) ) ) )
  '  |____| .__|_| |_|_| |_\__, | / / / /
 =========|_|==============|___/=/_/_/_/

 :: Spring Boot ::                (v3.3.5)

2024-11-07T16:47:45.056+05:30  INFO 31828 --- [restdemoApplication] [           main] com.example.jap.CustomerRepositoryTest   : Starting CustomerRepositoryTest using Java 21.0.1 with PID 31828 (started by ixsaa in C:\Users\ixsaa\IdeaProjects\BEJ_C2_S2_REST_API_MONGODB_PC_1\C2_S2_Practice)
2024-11-07T16:47:45.057+05:30  INFO 31828 --- [restdemoApplication] [           main] com.example.jap.CustomerRepositoryTest   : No active profile set, falling back to 1 default profile: "default"
2024-11-07T16:47:45.307+05:30  INFO 31828 --- [restdemoApplication] [           main] .s.d.r.c.RepositoryConfigurationDelegate : Bootstrapping Spring Data MongoDB repositories in DEFAULT mode.
2024-11-07T16:47:45.357+05:30  INFO 31828 --- [restdemoApplication] [           main] .s.d.r.c.RepositoryConfigurationDelegate : Finished Spring Data repository scanning in 45 ms. Found 1 MongoDB repository interface.
2024-11-07T16:47:45.619+05:30 DEBUG 31828 --- [restdemoApplication] [           main] org.mongodb.driver.connection            : Connection pool created for localhost:27017 using options maxIdleTimeMS=0, minPoolSize=0, maxPoolSize=100, maxConnecting=2, waitQueueTimeoutMS=120000
2024-11-07T16:47:45.627+05:30 DEBUG 31828 --- [restdemoApplication] [           main] org.mongodb.driver.cluster               : Updating cluster description to  {type=UNKNOWN, servers=[{address=localhost:27017, type=UNKNOWN, state=CONNECTING}]
2024-11-07T16:47:45.644+05:30  INFO 31828 --- [restdemoApplication] [           main] org.mongodb.driver.client                : MongoClient with metadata {"driver": {"name": "mongo-java-driver|sync|spring-boot", "version": "5.0.1"}, "os": {"type": "Windows", "name": "Windows 11", "architecture": "amd64", "version": "10.0"}, "platform": "Java/Oracle Corporation/21.0.1+12-LTS-29"} created with settings MongoClientSettings{readPreference=primary, writeConcern=WriteConcern{w=null, wTimeout=null ms, journal=null}, retryWrites=true, retryReads=true, readConcern=ReadConcern{level=null}, credential=null, transportSettings=null, commandListeners=[], codecRegistry=ProvidersCodecRegistry{codecProviders=[ValueCodecProvider{}, BsonValueCodecProvider{}, DBRefCodecProvider{}, DBObjectCodecProvider{}, DocumentCodecProvider{}, CollectionCodecProvider{}, IterableCodecProvider{}, MapCodecProvider{}, GeoJsonCodecProvider{}, GridFSFileCodecProvider{}, Jsr310CodecProvider{}, JsonObjectCodecProvider{}, BsonCodecProvider{}, EnumCodecProvider{}, com.mongodb.client.model.mql.ExpressionCodecProvider@350d3f4d, com.mongodb.Jep395RecordCodecProvider@18b8d173, com.mongodb.KotlinCodecProvider@73844119]}, loggerSettings=LoggerSettings{maxDocumentLength=1000}, clusterSettings={hosts=[localhost:27017], srvServiceName=mongodb, mode=SINGLE, requiredClusterType=UNKNOWN, requiredReplicaSetName='null', serverSelector='null', clusterListeners='[]', serverSelectionTimeout='30000 ms', localThreshold='15 ms'}, socketSettings=SocketSettings{connectTimeoutMS=10000, readTimeoutMS=0, receiveBufferSize=0, proxySettings=ProxySettings{host=null, port=null, username=null, password=null}}, heartbeatSocketSettings=SocketSettings{connectTimeoutMS=10000, readTimeoutMS=10000, receiveBufferSize=0, proxySettings=ProxySettings{host=null, port=null, username=null, password=null}}, connectionPoolSettings=ConnectionPoolSettings{maxSize=100, minSize=0, maxWaitTimeMS=120000, maxConnectionLifeTimeMS=0, maxConnectionIdleTimeMS=0, maintenanceInitialDelayMS=0, maintenanceFrequencyMS=60000, connectionPoolListeners=[], maxConnecting=2}, serverSettings=ServerSettings{heartbeatFrequencyMS=10000, minHeartbeatFrequencyMS=500, serverListeners='[]', serverMonitorListeners='[]'}, sslSettings=SslSettings{enabled=false, invalidHostNameAllowed=false, context=null}, applicationName='null', compressorList=[], uuidRepresentation=JAVA_LEGACY, serverApi=null, autoEncryptionSettings=null, dnsClient=null, inetAddressResolver=null, contextProvider=null}
2024-11-07T16:47:45.666+05:30  INFO 31828 --- [restdemoApplication] [localhost:27017] org.mongodb.driver.cluster               : Monitor thread successfully connected to server with description ServerDescription{address=localhost:27017, type=STANDALONE, state=CONNECTED, ok=true, minWireVersion=0, maxWireVersion=25, maxDocumentSize=16777216, logicalSessionTimeoutMinutes=30, roundTripTimeNanos=18252200}
2024-11-07T16:47:45.668+05:30 DEBUG 31828 --- [restdemoApplication] [localhost:27017] org.mongodb.driver.connection            : Connection pool ready for localhost:27017
2024-11-07T16:47:45.671+05:30 DEBUG 31828 --- [restdemoApplication] [localhost:27017] org.mongodb.driver.cluster               : Updating cluster description to  {type=STANDALONE, servers=[{address=localhost:27017, type=STANDALONE, roundTripTime=18.3 ms, state=CONNECTED}]
2024-11-07T16:47:45.671+05:30 DEBUG 31828 --- [restdemoApplication] [localhost:27017] org.mongodb.driver.cluster               : Checking status of localhost:27017
2024-11-07T16:47:45.967+05:30  INFO 31828 --- [restdemoApplication] [           main] com.example.jap.CustomerRepositoryTest   : Started CustomerRepositoryTest in 1.22 seconds (process running for 2.106)
2024-11-07T16:47:46.762+05:30 DEBUG 31828 --- [restdemoApplication] [           main] o.s.data.mongodb.core.MongoTemplate      : Saving Document containing fields: [_id, customerName, customerPhoneNo, customerProduct, _class]
2024-11-07T16:47:46.785+05:30 DEBUG 31828 --- [restdemoApplication] [           main] org.mongodb.driver.cluster               : Server selection started for operation with ID 3. Selector: WritableServerSelector, topology description: {type=STANDALONE, servers=[{address=localhost:27017, type=STANDALONE, roundTripTime=18.3 ms, state=CONNECTED}]
2024-11-07T16:47:46.787+05:30 DEBUG 31828 --- [restdemoApplication] [           main] org.mongodb.driver.cluster               : Server selection succeeded for operation with ID 3. Selected server: localhost:27017. Selector: WritableServerSelector, topology description: {type=STANDALONE, servers=[{address=localhost:27017, type=STANDALONE, roundTripTime=18.3 ms, state=CONNECTED}]
2024-11-07T16:47:46.788+05:30 DEBUG 31828 --- [restdemoApplication] [           main] org.mongodb.driver.connection            : Checkout started for connection to localhost:27017
2024-11-07T16:47:46.791+05:30 DEBUG 31828 --- [restdemoApplication] [           main] org.mongodb.driver.connection            : Connection created: address=localhost:27017, driver-generated ID=3
2024-11-07T16:47:46.794+05:30 DEBUG 31828 --- [restdemoApplication] [           main] org.mongodb.driver.connection            : Connection ready: address=localhost:27017, driver-generated ID=3, established in=2 ms
2024-11-07T16:47:46.795+05:30 DEBUG 31828 --- [restdemoApplication] [           main] org.mongodb.driver.connection            : Connection checked out: address=localhost:27017, driver-generated ID=3, duration=6 ms
2024-11-07T16:47:46.796+05:30 DEBUG 31828 --- [restdemoApplication] [           main] org.mongodb.driver.operation             : retryWrites set to true but the server is a standalone server.
2024-11-07T16:47:46.798+05:30 DEBUG 31828 --- [restdemoApplication] [           main] org.mongodb.driver.operation             : retryWrites set to true but the server is a standalone server.
2024-11-07T16:47:46.820+05:30 DEBUG 31828 --- [restdemoApplication] [           main] org.mongodb.driver.protocol.command      : Command "update" started on database "electronics_store" using a connection with driver-generated ID 3 and server-generated ID 69 to localhost:27017. The request ID is 5 and the operation ID is 3. Command: {"update": "customers", "ordered": true, "$db": "electronics_store", "lsid": {"id": {"$binary": {"base64": "EG3nt2AiTreZRhm5uU7a7w==", "subType": "04"}}}, "updates": [{"q": {"_id": "C001"}, "u": {"_id": "C001", "customerName": "John Doe", "customerPhoneNo": "1234567890", "customerProduct": {"productId": "P001", "productName": "Laptop", "productDescription": "Gaming Laptop"}, "_class": "com.example.jap.Customer"}, "upsert": true}]}
2024-11-07T16:47:46.824+05:30 DEBUG 31828 --- [restdemoApplication] [           main] org.mongodb.driver.protocol.command      : Command "update" succeeded on database "electronics_store" in 10.948 ms using a connection with driver-generated ID 3 and server-generated ID 69 to localhost:27017. The request ID is 5 and the operation ID is 3. Command reply: {"n": 1, "upserted": [{"index": 0, "_id": "C001"}], "nModified": 0, "ok": 1.0}
2024-11-07T16:47:46.826+05:30 DEBUG 31828 --- [restdemoApplication] [           main] org.mongodb.driver.connection            : Connection checked in: address=localhost:27017, driver-generated ID=3
2024-11-07T16:47:46.840+05:30 DEBUG 31828 --- [restdemoApplication] [           main] o.s.data.mongodb.core.MongoTemplate      : findOne using query: { "customerId" : "C001"} fields: Document{{}} for class: class com.example.jap.Customer in collection: customers
2024-11-07T16:47:46.849+05:30 DEBUG 31828 --- [restdemoApplication] [           main] org.mongodb.driver.cluster               : Server selection started for operation with ID 5. Selector: ReadPreferenceServerSelector{readPreference=primary}, topology description: {type=STANDALONE, servers=[{address=localhost:27017, type=STANDALONE, roundTripTime=18.3 ms, state=CONNECTED}]
2024-11-07T16:47:46.849+05:30 DEBUG 31828 --- [restdemoApplication] [           main] org.mongodb.driver.cluster               : Server selection succeeded for operation with ID 5. Selected server: localhost:27017. Selector: ReadPreferenceServerSelector{readPreference=primary}, topology description: {type=STANDALONE, servers=[{address=localhost:27017, type=STANDALONE, roundTripTime=18.3 ms, state=CONNECTED}]
2024-11-07T16:47:46.849+05:30 DEBUG 31828 --- [restdemoApplication] [           main] org.mongodb.driver.connection            : Checkout started for connection to localhost:27017
2024-11-07T16:47:46.849+05:30 DEBUG 31828 --- [restdemoApplication] [           main] org.mongodb.driver.connection            : Connection checked out: address=localhost:27017, driver-generated ID=3, duration=0 ms
2024-11-07T16:47:46.853+05:30 DEBUG 31828 --- [restdemoApplication] [           main] org.mongodb.driver.protocol.command      : Command "find" started on database "electronics_store" using a connection with driver-generated ID 3 and server-generated ID 69 to localhost:27017. The request ID is 6 and the operation ID is 5. Command: {"find": "customers", "filter": {"_id": "C001"}, "limit": 1, "singleBatch": true, "$db": "electronics_store", "lsid": {"id": {"$binary": {"base64": "EG3nt2AiTreZRhm5uU7a7w==", "subType": "04"}}}}
2024-11-07T16:47:46.856+05:30 DEBUG 31828 --- [restdemoApplication] [           main] org.mongodb.driver.protocol.command      : Command "find" succeeded on database "electronics_store" in 2.588 ms using a connection with driver-generated ID 3 and server-generated ID 69 to localhost:27017. The request ID is 6 and the operation ID is 5. Command reply: {"cursor": {"firstBatch": [{"_id": "C001", "customerName": "John Doe", "customerPhoneNo": "1234567890", "customerProduct": {"productId": "P001", "productName": "Laptop", "productDescription": "Gaming Laptop"}, "_class": "com.example.jap.Customer"}], "id": 0, "ns": "electronics_store.customers"}, "ok": 1.0}
2024-11-07T16:47:46.858+05:30 DEBUG 31828 --- [restdemoApplication] [           main] org.mongodb.driver.operation             : Received batch of 1 documents with cursorId 0 from server localhost:27017
2024-11-07T16:47:46.860+05:30 DEBUG 31828 --- [restdemoApplication] [           main] org.mongodb.driver.connection            : Connection checked in: address=localhost:27017, driver-generated ID=3
2024-11-07T16:47:46.881+05:30 DEBUG 31828 --- [restdemoApplication] [           main] o.s.data.mongodb.core.MongoTemplate      : Remove using query: {} in collection: customers.
2024-11-07T16:47:46.883+05:30 DEBUG 31828 --- [restdemoApplication] [           main] org.mongodb.driver.cluster               : Server selection started for operation with ID 6. Selector: WritableServerSelector, topology description: {type=STANDALONE, servers=[{address=localhost:27017, type=STANDALONE, roundTripTime=18.3 ms, state=CONNECTED}]
2024-11-07T16:47:46.884+05:30 DEBUG 31828 --- [restdemoApplication] [           main] org.mongodb.driver.cluster               : Server selection succeeded for operation with ID 6. Selected server: localhost:27017. Selector: WritableServerSelector, topology description: {type=STANDALONE, servers=[{address=localhost:27017, type=STANDALONE, roundTripTime=18.3 ms, state=CONNECTED}]
2024-11-07T16:47:46.884+05:30 DEBUG 31828 --- [restdemoApplication] [           main] org.mongodb.driver.connection            : Checkout started for connection to localhost:27017
2024-11-07T16:47:46.884+05:30 DEBUG 31828 --- [restdemoApplication] [           main] org.mongodb.driver.connection            : Connection checked out: address=localhost:27017, driver-generated ID=3, duration=0 ms
2024-11-07T16:47:46.884+05:30 DEBUG 31828 --- [restdemoApplication] [           main] org.mongodb.driver.operation             : retryWrites set to true but the server is a standalone server.
2024-11-07T16:47:46.884+05:30 DEBUG 31828 --- [restdemoApplication] [           main] org.mongodb.driver.operation             : retryWrites set to true but the server is a standalone server.
2024-11-07T16:47:46.885+05:30 DEBUG 31828 --- [restdemoApplication] [           main] org.mongodb.driver.protocol.command      : Command "delete" started on database "electronics_store" using a connection with driver-generated ID 3 and server-generated ID 69 to localhost:27017. The request ID is 7 and the operation ID is 6. Command: {"delete": "customers", "ordered": true, "$db": "electronics_store", "lsid": {"id": {"$binary": {"base64": "EG3nt2AiTreZRhm5uU7a7w==", "subType": "04"}}}, "deletes": [{"q": {}, "limit": 0}]}
2024-11-07T16:47:46.888+05:30 DEBUG 31828 --- [restdemoApplication] [           main] org.mongodb.driver.protocol.command      : Command "delete" succeeded on database "electronics_store" in 2.8131 ms using a connection with driver-generated ID 3 and server-generated ID 69 to localhost:27017. The request ID is 7 and the operation ID is 6. Command reply: {"n": 6, "ok": 1.0}
2024-11-07T16:47:46.888+05:30 DEBUG 31828 --- [restdemoApplication] [           main] org.mongodb.driver.connection            : Connection checked in: address=localhost:27017, driver-generated ID=3
]]></system-out>
    <system-err><![CDATA[WARNING: A Java agent has been loaded dynamically (C:\Users\ixsaa\.m2\repository\net\bytebuddy\byte-buddy-agent\1.14.19\byte-buddy-agent-1.14.19.jar)
WARNING: If a serviceability tool is in use, please run with -XX:+EnableDynamicAgentLoading to hide this warning
WARNING: If a serviceability tool is not in use, please run with -Djdk.instrument.traceUsage for more information
WARNING: Dynamic loading of agents will be disallowed by default in a future release
]]></system-err>
  </testcase>
  <testcase name="testFindByIdFailure" classname="com.example.jap.CustomerRepositoryTest" time="0.021">
    <system-out><![CDATA[2024-11-07T16:47:46.904+05:30 DEBUG 31828 --- [restdemoApplication] [           main] o.s.data.mongodb.core.MongoTemplate      : Saving Document containing fields: [_id, customerName, customerPhoneNo, customerProduct, _class]
2024-11-07T16:47:46.905+05:30 DEBUG 31828 --- [restdemoApplication] [           main] org.mongodb.driver.cluster               : Server selection started for operation with ID 7. Selector: WritableServerSelector, topology description: {type=STANDALONE, servers=[{address=localhost:27017, type=STANDALONE, roundTripTime=18.3 ms, state=CONNECTED}]
2024-11-07T16:47:46.906+05:30 DEBUG 31828 --- [restdemoApplication] [           main] org.mongodb.driver.cluster               : Server selection succeeded for operation with ID 7. Selected server: localhost:27017. Selector: WritableServerSelector, topology description: {type=STANDALONE, servers=[{address=localhost:27017, type=STANDALONE, roundTripTime=18.3 ms, state=CONNECTED}]
2024-11-07T16:47:46.906+05:30 DEBUG 31828 --- [restdemoApplication] [           main] org.mongodb.driver.connection            : Checkout started for connection to localhost:27017
2024-11-07T16:47:46.906+05:30 DEBUG 31828 --- [restdemoApplication] [           main] org.mongodb.driver.connection            : Connection checked out: address=localhost:27017, driver-generated ID=3, duration=0 ms
2024-11-07T16:47:46.906+05:30 DEBUG 31828 --- [restdemoApplication] [           main] org.mongodb.driver.operation             : retryWrites set to true but the server is a standalone server.
2024-11-07T16:47:46.906+05:30 DEBUG 31828 --- [restdemoApplication] [           main] org.mongodb.driver.operation             : retryWrites set to true but the server is a standalone server.
2024-11-07T16:47:46.908+05:30 DEBUG 31828 --- [restdemoApplication] [           main] org.mongodb.driver.protocol.command      : Command "update" started on database "electronics_store" using a connection with driver-generated ID 3 and server-generated ID 69 to localhost:27017. The request ID is 8 and the operation ID is 7. Command: {"update": "customers", "ordered": true, "$db": "electronics_store", "lsid": {"id": {"$binary": {"base64": "EG3nt2AiTreZRhm5uU7a7w==", "subType": "04"}}}, "updates": [{"q": {"_id": "C001"}, "u": {"_id": "C001", "customerName": "John Doe", "customerPhoneNo": "1234567890", "customerProduct": {"productId": "P001", "productName": "Laptop", "productDescription": "Gaming Laptop"}, "_class": "com.example.jap.Customer"}, "upsert": true}]}
2024-11-07T16:47:46.910+05:30 DEBUG 31828 --- [restdemoApplication] [           main] org.mongodb.driver.protocol.command      : Command "update" succeeded on database "electronics_store" in 2.3398 ms using a connection with driver-generated ID 3 and server-generated ID 69 to localhost:27017. The request ID is 8 and the operation ID is 7. Command reply: {"n": 1, "upserted": [{"index": 0, "_id": "C001"}], "nModified": 0, "ok": 1.0}
2024-11-07T16:47:46.910+05:30 DEBUG 31828 --- [restdemoApplication] [           main] org.mongodb.driver.connection            : Connection checked in: address=localhost:27017, driver-generated ID=3
2024-11-07T16:47:46.912+05:30 DEBUG 31828 --- [restdemoApplication] [           main] o.s.data.mongodb.core.MongoTemplate      : findOne using query: { "customerId" : "InvalidId"} fields: Document{{}} for class: class com.example.jap.Customer in collection: customers
2024-11-07T16:47:46.912+05:30 DEBUG 31828 --- [restdemoApplication] [           main] org.mongodb.driver.cluster               : Server selection started for operation with ID 8. Selector: ReadPreferenceServerSelector{readPreference=primary}, topology description: {type=STANDALONE, servers=[{address=localhost:27017, type=STANDALONE, roundTripTime=18.3 ms, state=CONNECTED}]
2024-11-07T16:47:46.913+05:30 DEBUG 31828 --- [restdemoApplication] [           main] org.mongodb.driver.cluster               : Server selection succeeded for operation with ID 8. Selected server: localhost:27017. Selector: ReadPreferenceServerSelector{readPreference=primary}, topology description: {type=STANDALONE, servers=[{address=localhost:27017, type=STANDALONE, roundTripTime=18.3 ms, state=CONNECTED}]
2024-11-07T16:47:46.913+05:30 DEBUG 31828 --- [restdemoApplication] [           main] org.mongodb.driver.connection            : Checkout started for connection to localhost:27017
2024-11-07T16:47:46.913+05:30 DEBUG 31828 --- [restdemoApplication] [           main] org.mongodb.driver.connection            : Connection checked out: address=localhost:27017, driver-generated ID=3, duration=0 ms
2024-11-07T16:47:46.914+05:30 DEBUG 31828 --- [restdemoApplication] [           main] org.mongodb.driver.protocol.command      : Command "find" started on database "electronics_store" using a connection with driver-generated ID 3 and server-generated ID 69 to localhost:27017. The request ID is 9 and the operation ID is 8. Command: {"find": "customers", "filter": {"_id": "InvalidId"}, "limit": 1, "singleBatch": true, "$db": "electronics_store", "lsid": {"id": {"$binary": {"base64": "EG3nt2AiTreZRhm5uU7a7w==", "subType": "04"}}}}
2024-11-07T16:47:46.915+05:30 DEBUG 31828 --- [restdemoApplication] [           main] org.mongodb.driver.protocol.command      : Command "find" succeeded on database "electronics_store" in 1.2841 ms using a connection with driver-generated ID 3 and server-generated ID 69 to localhost:27017. The request ID is 9 and the operation ID is 8. Command reply: {"cursor": {"firstBatch": [], "id": 0, "ns": "electronics_store.customers"}, "ok": 1.0}
2024-11-07T16:47:46.915+05:30 DEBUG 31828 --- [restdemoApplication] [           main] org.mongodb.driver.operation             : Received batch of 0 documents with cursorId 0 from server localhost:27017
2024-11-07T16:47:46.915+05:30 DEBUG 31828 --- [restdemoApplication] [           main] org.mongodb.driver.connection            : Connection checked in: address=localhost:27017, driver-generated ID=3
2024-11-07T16:47:46.917+05:30 DEBUG 31828 --- [restdemoApplication] [           main] o.s.data.mongodb.core.MongoTemplate      : Remove using query: {} in collection: customers.
2024-11-07T16:47:46.918+05:30 DEBUG 31828 --- [restdemoApplication] [           main] org.mongodb.driver.cluster               : Server selection started for operation with ID 9. Selector: WritableServerSelector, topology description: {type=STANDALONE, servers=[{address=localhost:27017, type=STANDALONE, roundTripTime=18.3 ms, state=CONNECTED}]
2024-11-07T16:47:46.918+05:30 DEBUG 31828 --- [restdemoApplication] [           main] org.mongodb.driver.cluster               : Server selection succeeded for operation with ID 9. Selected server: localhost:27017. Selector: WritableServerSelector, topology description: {type=STANDALONE, servers=[{address=localhost:27017, type=STANDALONE, roundTripTime=18.3 ms, state=CONNECTED}]
2024-11-07T16:47:46.918+05:30 DEBUG 31828 --- [restdemoApplication] [           main] org.mongodb.driver.connection            : Checkout started for connection to localhost:27017
2024-11-07T16:47:46.918+05:30 DEBUG 31828 --- [restdemoApplication] [           main] org.mongodb.driver.connection            : Connection checked out: address=localhost:27017, driver-generated ID=3, duration=0 ms
2024-11-07T16:47:46.918+05:30 DEBUG 31828 --- [restdemoApplication] [           main] org.mongodb.driver.operation             : retryWrites set to true but the server is a standalone server.
2024-11-07T16:47:46.918+05:30 DEBUG 31828 --- [restdemoApplication] [           main] org.mongodb.driver.operation             : retryWrites set to true but the server is a standalone server.
2024-11-07T16:47:46.919+05:30 DEBUG 31828 --- [restdemoApplication] [           main] org.mongodb.driver.protocol.command      : Command "delete" started on database "electronics_store" using a connection with driver-generated ID 3 and server-generated ID 69 to localhost:27017. The request ID is 10 and the operation ID is 9. Command: {"delete": "customers", "ordered": true, "$db": "electronics_store", "lsid": {"id": {"$binary": {"base64": "EG3nt2AiTreZRhm5uU7a7w==", "subType": "04"}}}, "deletes": [{"q": {}, "limit": 0}]}
2024-11-07T16:47:46.920+05:30 DEBUG 31828 --- [restdemoApplication] [           main] org.mongodb.driver.protocol.command      : Command "delete" succeeded on database "electronics_store" in 1.4483 ms using a connection with driver-generated ID 3 and server-generated ID 69 to localhost:27017. The request ID is 10 and the operation ID is 9. Command reply: {"n": 1, "ok": 1.0}
2024-11-07T16:47:46.920+05:30 DEBUG 31828 --- [restdemoApplication] [           main] org.mongodb.driver.connection            : Connection checked in: address=localhost:27017, driver-generated ID=3
]]></system-out>
  </testcase>
  <testcase name="testSaveCustomerSuccess" classname="com.example.jap.CustomerRepositoryTest" time="0.019">
    <system-out><![CDATA[2024-11-07T16:47:46.926+05:30 DEBUG 31828 --- [restdemoApplication] [           main] o.s.data.mongodb.core.MongoTemplate      : Saving Document containing fields: [_id, customerName, customerPhoneNo, customerProduct, _class]
2024-11-07T16:47:46.927+05:30 DEBUG 31828 --- [restdemoApplication] [           main] org.mongodb.driver.cluster               : Server selection started for operation with ID 10. Selector: WritableServerSelector, topology description: {type=STANDALONE, servers=[{address=localhost:27017, type=STANDALONE, roundTripTime=18.3 ms, state=CONNECTED}]
2024-11-07T16:47:46.927+05:30 DEBUG 31828 --- [restdemoApplication] [           main] org.mongodb.driver.cluster               : Server selection succeeded for operation with ID 10. Selected server: localhost:27017. Selector: WritableServerSelector, topology description: {type=STANDALONE, servers=[{address=localhost:27017, type=STANDALONE, roundTripTime=18.3 ms, state=CONNECTED}]
2024-11-07T16:47:46.928+05:30 DEBUG 31828 --- [restdemoApplication] [           main] org.mongodb.driver.connection            : Checkout started for connection to localhost:27017
2024-11-07T16:47:46.928+05:30 DEBUG 31828 --- [restdemoApplication] [           main] org.mongodb.driver.connection            : Connection checked out: address=localhost:27017, driver-generated ID=3, duration=0 ms
2024-11-07T16:47:46.928+05:30 DEBUG 31828 --- [restdemoApplication] [           main] org.mongodb.driver.operation             : retryWrites set to true but the server is a standalone server.
2024-11-07T16:47:46.928+05:30 DEBUG 31828 --- [restdemoApplication] [           main] org.mongodb.driver.operation             : retryWrites set to true but the server is a standalone server.
2024-11-07T16:47:46.929+05:30 DEBUG 31828 --- [restdemoApplication] [           main] org.mongodb.driver.protocol.command      : Command "update" started on database "electronics_store" using a connection with driver-generated ID 3 and server-generated ID 69 to localhost:27017. The request ID is 11 and the operation ID is 10. Command: {"update": "customers", "ordered": true, "$db": "electronics_store", "lsid": {"id": {"$binary": {"base64": "EG3nt2AiTreZRhm5uU7a7w==", "subType": "04"}}}, "updates": [{"q": {"_id": "C001"}, "u": {"_id": "C001", "customerName": "John Doe", "customerPhoneNo": "1234567890", "customerProduct": {"productId": "P001", "productName": "Laptop", "productDescription": "Gaming Laptop"}, "_class": "com.example.jap.Customer"}, "upsert": true}]}
2024-11-07T16:47:46.931+05:30 DEBUG 31828 --- [restdemoApplication] [           main] org.mongodb.driver.protocol.command      : Command "update" succeeded on database "electronics_store" in 1.6919 ms using a connection with driver-generated ID 3 and server-generated ID 69 to localhost:27017. The request ID is 11 and the operation ID is 10. Command reply: {"n": 1, "upserted": [{"index": 0, "_id": "C001"}], "nModified": 0, "ok": 1.0}
2024-11-07T16:47:46.931+05:30 DEBUG 31828 --- [restdemoApplication] [           main] org.mongodb.driver.connection            : Connection checked in: address=localhost:27017, driver-generated ID=3
2024-11-07T16:47:46.932+05:30 DEBUG 31828 --- [restdemoApplication] [           main] o.s.data.mongodb.core.MongoTemplate      : Saving Document containing fields: [_id, customerName, customerPhoneNo, customerProduct, _class]
2024-11-07T16:47:46.933+05:30 DEBUG 31828 --- [restdemoApplication] [           main] org.mongodb.driver.cluster               : Server selection started for operation with ID 11. Selector: WritableServerSelector, topology description: {type=STANDALONE, servers=[{address=localhost:27017, type=STANDALONE, roundTripTime=18.3 ms, state=CONNECTED}]
2024-11-07T16:47:46.933+05:30 DEBUG 31828 --- [restdemoApplication] [           main] org.mongodb.driver.cluster               : Server selection succeeded for operation with ID 11. Selected server: localhost:27017. Selector: WritableServerSelector, topology description: {type=STANDALONE, servers=[{address=localhost:27017, type=STANDALONE, roundTripTime=18.3 ms, state=CONNECTED}]
2024-11-07T16:47:46.933+05:30 DEBUG 31828 --- [restdemoApplication] [           main] org.mongodb.driver.connection            : Checkout started for connection to localhost:27017
2024-11-07T16:47:46.933+05:30 DEBUG 31828 --- [restdemoApplication] [           main] org.mongodb.driver.connection            : Connection checked out: address=localhost:27017, driver-generated ID=3, duration=0 ms
2024-11-07T16:47:46.933+05:30 DEBUG 31828 --- [restdemoApplication] [           main] org.mongodb.driver.operation             : retryWrites set to true but the server is a standalone server.
2024-11-07T16:47:46.934+05:30 DEBUG 31828 --- [restdemoApplication] [           main] org.mongodb.driver.operation             : retryWrites set to true but the server is a standalone server.
2024-11-07T16:47:46.934+05:30 DEBUG 31828 --- [restdemoApplication] [           main] org.mongodb.driver.protocol.command      : Command "update" started on database "electronics_store" using a connection with driver-generated ID 3 and server-generated ID 69 to localhost:27017. The request ID is 12 and the operation ID is 11. Command: {"update": "customers", "ordered": true, "$db": "electronics_store", "lsid": {"id": {"$binary": {"base64": "EG3nt2AiTreZRhm5uU7a7w==", "subType": "04"}}}, "updates": [{"q": {"_id": "C002"}, "u": {"_id": "C002", "customerName": "Jane Doe", "customerPhoneNo": "0987654321", "customerProduct": {"productId": "P002", "productName": "Phone", "productDescription": "Smartphone"}, "_class": "com.example.jap.Customer"}, "upsert": true}]}
2024-11-07T16:47:46.936+05:30 DEBUG 31828 --- [restdemoApplication] [           main] org.mongodb.driver.protocol.command      : Command "update" succeeded on database "electronics_store" in 1.4685 ms using a connection with driver-generated ID 3 and server-generated ID 69 to localhost:27017. The request ID is 12 and the operation ID is 11. Command reply: {"n": 1, "upserted": [{"index": 0, "_id": "C002"}], "nModified": 0, "ok": 1.0}
2024-11-07T16:47:46.936+05:30 DEBUG 31828 --- [restdemoApplication] [           main] org.mongodb.driver.connection            : Connection checked in: address=localhost:27017, driver-generated ID=3
2024-11-07T16:47:46.938+05:30 DEBUG 31828 --- [restdemoApplication] [           main] o.s.data.mongodb.core.MongoTemplate      : Remove using query: {} in collection: customers.
2024-11-07T16:47:46.938+05:30 DEBUG 31828 --- [restdemoApplication] [           main] org.mongodb.driver.cluster               : Server selection started for operation with ID 12. Selector: WritableServerSelector, topology description: {type=STANDALONE, servers=[{address=localhost:27017, type=STANDALONE, roundTripTime=18.3 ms, state=CONNECTED}]
2024-11-07T16:47:46.938+05:30 DEBUG 31828 --- [restdemoApplication] [           main] org.mongodb.driver.cluster               : Server selection succeeded for operation with ID 12. Selected server: localhost:27017. Selector: WritableServerSelector, topology description: {type=STANDALONE, servers=[{address=localhost:27017, type=STANDALONE, roundTripTime=18.3 ms, state=CONNECTED}]
2024-11-07T16:47:46.938+05:30 DEBUG 31828 --- [restdemoApplication] [           main] org.mongodb.driver.connection            : Checkout started for connection to localhost:27017
2024-11-07T16:47:46.939+05:30 DEBUG 31828 --- [restdemoApplication] [           main] org.mongodb.driver.connection            : Connection checked out: address=localhost:27017, driver-generated ID=3, duration=0 ms
2024-11-07T16:47:46.939+05:30 DEBUG 31828 --- [restdemoApplication] [           main] org.mongodb.driver.operation             : retryWrites set to true but the server is a standalone server.
2024-11-07T16:47:46.939+05:30 DEBUG 31828 --- [restdemoApplication] [           main] org.mongodb.driver.operation             : retryWrites set to true but the server is a standalone server.
2024-11-07T16:47:46.940+05:30 DEBUG 31828 --- [restdemoApplication] [           main] org.mongodb.driver.protocol.command      : Command "delete" started on database "electronics_store" using a connection with driver-generated ID 3 and server-generated ID 69 to localhost:27017. The request ID is 13 and the operation ID is 12. Command: {"delete": "customers", "ordered": true, "$db": "electronics_store", "lsid": {"id": {"$binary": {"base64": "EG3nt2AiTreZRhm5uU7a7w==", "subType": "04"}}}, "deletes": [{"q": {}, "limit": 0}]}
2024-11-07T16:47:46.940+05:30 DEBUG 31828 --- [restdemoApplication] [           main] org.mongodb.driver.protocol.command      : Command "delete" succeeded on database "electronics_store" in 1.5448 ms using a connection with driver-generated ID 3 and server-generated ID 69 to localhost:27017. The request ID is 13 and the operation ID is 12. Command reply: {"n": 2, "ok": 1.0}
2024-11-07T16:47:46.941+05:30 DEBUG 31828 --- [restdemoApplication] [           main] org.mongodb.driver.connection            : Connection checked in: address=localhost:27017, driver-generated ID=3
]]></system-out>
  </testcase>
  <testcase name="testDeleteCustomer" classname="com.example.jap.CustomerRepositoryTest" time="0.023">
    <system-out><![CDATA[2024-11-07T16:47:46.948+05:30 DEBUG 31828 --- [restdemoApplication] [           main] o.s.data.mongodb.core.MongoTemplate      : Saving Document containing fields: [_id, customerName, customerPhoneNo, customerProduct, _class]
2024-11-07T16:47:46.948+05:30 DEBUG 31828 --- [restdemoApplication] [           main] org.mongodb.driver.cluster               : Server selection started for operation with ID 13. Selector: WritableServerSelector, topology description: {type=STANDALONE, servers=[{address=localhost:27017, type=STANDALONE, roundTripTime=18.3 ms, state=CONNECTED}]
2024-11-07T16:47:46.949+05:30 DEBUG 31828 --- [restdemoApplication] [           main] org.mongodb.driver.cluster               : Server selection succeeded for operation with ID 13. Selected server: localhost:27017. Selector: WritableServerSelector, topology description: {type=STANDALONE, servers=[{address=localhost:27017, type=STANDALONE, roundTripTime=18.3 ms, state=CONNECTED}]
2024-11-07T16:47:46.949+05:30 DEBUG 31828 --- [restdemoApplication] [           main] org.mongodb.driver.connection            : Checkout started for connection to localhost:27017
2024-11-07T16:47:46.949+05:30 DEBUG 31828 --- [restdemoApplication] [           main] org.mongodb.driver.connection            : Connection checked out: address=localhost:27017, driver-generated ID=3, duration=0 ms
2024-11-07T16:47:46.949+05:30 DEBUG 31828 --- [restdemoApplication] [           main] org.mongodb.driver.operation             : retryWrites set to true but the server is a standalone server.
2024-11-07T16:47:46.949+05:30 DEBUG 31828 --- [restdemoApplication] [           main] org.mongodb.driver.operation             : retryWrites set to true but the server is a standalone server.
2024-11-07T16:47:46.951+05:30 DEBUG 31828 --- [restdemoApplication] [           main] org.mongodb.driver.protocol.command      : Command "update" started on database "electronics_store" using a connection with driver-generated ID 3 and server-generated ID 69 to localhost:27017. The request ID is 14 and the operation ID is 13. Command: {"update": "customers", "ordered": true, "$db": "electronics_store", "lsid": {"id": {"$binary": {"base64": "EG3nt2AiTreZRhm5uU7a7w==", "subType": "04"}}}, "updates": [{"q": {"_id": "C001"}, "u": {"_id": "C001", "customerName": "John Doe", "customerPhoneNo": "1234567890", "customerProduct": {"productId": "P001", "productName": "Laptop", "productDescription": "Gaming Laptop"}, "_class": "com.example.jap.Customer"}, "upsert": true}]}
2024-11-07T16:47:46.952+05:30 DEBUG 31828 --- [restdemoApplication] [           main] org.mongodb.driver.protocol.command      : Command "update" succeeded on database "electronics_store" in 2.2059 ms using a connection with driver-generated ID 3 and server-generated ID 69 to localhost:27017. The request ID is 14 and the operation ID is 13. Command reply: {"n": 1, "upserted": [{"index": 0, "_id": "C001"}], "nModified": 0, "ok": 1.0}
2024-11-07T16:47:46.952+05:30 DEBUG 31828 --- [restdemoApplication] [           main] org.mongodb.driver.connection            : Connection checked in: address=localhost:27017, driver-generated ID=3
2024-11-07T16:47:46.955+05:30 DEBUG 31828 --- [restdemoApplication] [           main] o.s.data.mongodb.core.MongoTemplate      : Remove using query: { "_id" : "C001"} in collection: customers.
2024-11-07T16:47:46.955+05:30 DEBUG 31828 --- [restdemoApplication] [           main] org.mongodb.driver.cluster               : Server selection started for operation with ID 14. Selector: WritableServerSelector, topology description: {type=STANDALONE, servers=[{address=localhost:27017, type=STANDALONE, roundTripTime=18.3 ms, state=CONNECTED}]
2024-11-07T16:47:46.956+05:30 DEBUG 31828 --- [restdemoApplication] [           main] org.mongodb.driver.cluster               : Server selection succeeded for operation with ID 14. Selected server: localhost:27017. Selector: WritableServerSelector, topology description: {type=STANDALONE, servers=[{address=localhost:27017, type=STANDALONE, roundTripTime=18.3 ms, state=CONNECTED}]
2024-11-07T16:47:46.956+05:30 DEBUG 31828 --- [restdemoApplication] [           main] org.mongodb.driver.connection            : Checkout started for connection to localhost:27017
2024-11-07T16:47:46.956+05:30 DEBUG 31828 --- [restdemoApplication] [           main] org.mongodb.driver.connection            : Connection checked out: address=localhost:27017, driver-generated ID=3, duration=0 ms
2024-11-07T16:47:46.956+05:30 DEBUG 31828 --- [restdemoApplication] [           main] org.mongodb.driver.operation             : retryWrites set to true but the server is a standalone server.
2024-11-07T16:47:46.956+05:30 DEBUG 31828 --- [restdemoApplication] [           main] org.mongodb.driver.operation             : retryWrites set to true but the server is a standalone server.
2024-11-07T16:47:46.957+05:30 DEBUG 31828 --- [restdemoApplication] [           main] org.mongodb.driver.protocol.command      : Command "delete" started on database "electronics_store" using a connection with driver-generated ID 3 and server-generated ID 69 to localhost:27017. The request ID is 15 and the operation ID is 14. Command: {"delete": "customers", "ordered": true, "$db": "electronics_store", "lsid": {"id": {"$binary": {"base64": "EG3nt2AiTreZRhm5uU7a7w==", "subType": "04"}}}, "deletes": [{"q": {"_id": "C001"}, "limit": 0}]}
2024-11-07T16:47:46.958+05:30 DEBUG 31828 --- [restdemoApplication] [           main] org.mongodb.driver.protocol.command      : Command "delete" succeeded on database "electronics_store" in 1.7734 ms using a connection with driver-generated ID 3 and server-generated ID 69 to localhost:27017. The request ID is 15 and the operation ID is 14. Command reply: {"n": 1, "ok": 1.0}
2024-11-07T16:47:46.959+05:30 DEBUG 31828 --- [restdemoApplication] [           main] org.mongodb.driver.connection            : Connection checked in: address=localhost:27017, driver-generated ID=3
2024-11-07T16:47:46.959+05:30 DEBUG 31828 --- [restdemoApplication] [           main] o.s.data.mongodb.core.MongoTemplate      : findOne using query: { "customerId" : "C001"} fields: Document{{}} for class: class com.example.jap.Customer in collection: customers
2024-11-07T16:47:46.960+05:30 DEBUG 31828 --- [restdemoApplication] [           main] org.mongodb.driver.cluster               : Server selection started for operation with ID 15. Selector: ReadPreferenceServerSelector{readPreference=primary}, topology description: {type=STANDALONE, servers=[{address=localhost:27017, type=STANDALONE, roundTripTime=18.3 ms, state=CONNECTED}]
2024-11-07T16:47:46.960+05:30 DEBUG 31828 --- [restdemoApplication] [           main] org.mongodb.driver.cluster               : Server selection succeeded for operation with ID 15. Selected server: localhost:27017. Selector: ReadPreferenceServerSelector{readPreference=primary}, topology description: {type=STANDALONE, servers=[{address=localhost:27017, type=STANDALONE, roundTripTime=18.3 ms, state=CONNECTED}]
2024-11-07T16:47:46.960+05:30 DEBUG 31828 --- [restdemoApplication] [           main] org.mongodb.driver.connection            : Checkout started for connection to localhost:27017
2024-11-07T16:47:46.960+05:30 DEBUG 31828 --- [restdemoApplication] [           main] org.mongodb.driver.connection            : Connection checked out: address=localhost:27017, driver-generated ID=3, duration=0 ms
2024-11-07T16:47:46.961+05:30 DEBUG 31828 --- [restdemoApplication] [           main] org.mongodb.driver.protocol.command      : Command "find" started on database "electronics_store" using a connection with driver-generated ID 3 and server-generated ID 69 to localhost:27017. The request ID is 16 and the operation ID is 15. Command: {"find": "customers", "filter": {"_id": "C001"}, "limit": 1, "singleBatch": true, "$db": "electronics_store", "lsid": {"id": {"$binary": {"base64": "EG3nt2AiTreZRhm5uU7a7w==", "subType": "04"}}}}
2024-11-07T16:47:46.962+05:30 DEBUG 31828 --- [restdemoApplication] [           main] org.mongodb.driver.protocol.command      : Command "find" succeeded on database "electronics_store" in 0.9885 ms using a connection with driver-generated ID 3 and server-generated ID 69 to localhost:27017. The request ID is 16 and the operation ID is 15. Command reply: {"cursor": {"firstBatch": [], "id": 0, "ns": "electronics_store.customers"}, "ok": 1.0}
2024-11-07T16:47:46.962+05:30 DEBUG 31828 --- [restdemoApplication] [           main] org.mongodb.driver.operation             : Received batch of 0 documents with cursorId 0 from server localhost:27017
2024-11-07T16:47:46.962+05:30 DEBUG 31828 --- [restdemoApplication] [           main] org.mongodb.driver.connection            : Connection checked in: address=localhost:27017, driver-generated ID=3
2024-11-07T16:47:46.963+05:30 DEBUG 31828 --- [restdemoApplication] [           main] o.s.data.mongodb.core.MongoTemplate      : Remove using query: {} in collection: customers.
2024-11-07T16:47:46.963+05:30 DEBUG 31828 --- [restdemoApplication] [           main] org.mongodb.driver.cluster               : Server selection started for operation with ID 16. Selector: WritableServerSelector, topology description: {type=STANDALONE, servers=[{address=localhost:27017, type=STANDALONE, roundTripTime=18.3 ms, state=CONNECTED}]
2024-11-07T16:47:46.963+05:30 DEBUG 31828 --- [restdemoApplication] [           main] org.mongodb.driver.cluster               : Server selection succeeded for operation with ID 16. Selected server: localhost:27017. Selector: WritableServerSelector, topology description: {type=STANDALONE, servers=[{address=localhost:27017, type=STANDALONE, roundTripTime=18.3 ms, state=CONNECTED}]
2024-11-07T16:47:46.963+05:30 DEBUG 31828 --- [restdemoApplication] [           main] org.mongodb.driver.connection            : Checkout started for connection to localhost:27017
2024-11-07T16:47:46.964+05:30 DEBUG 31828 --- [restdemoApplication] [           main] org.mongodb.driver.connection            : Connection checked out: address=localhost:27017, driver-generated ID=3, duration=0 ms
2024-11-07T16:47:46.964+05:30 DEBUG 31828 --- [restdemoApplication] [           main] org.mongodb.driver.operation             : retryWrites set to true but the server is a standalone server.
2024-11-07T16:47:46.964+05:30 DEBUG 31828 --- [restdemoApplication] [           main] org.mongodb.driver.operation             : retryWrites set to true but the server is a standalone server.
2024-11-07T16:47:46.965+05:30 DEBUG 31828 --- [restdemoApplication] [           main] org.mongodb.driver.protocol.command      : Command "delete" started on database "electronics_store" using a connection with driver-generated ID 3 and server-generated ID 69 to localhost:27017. The request ID is 17 and the operation ID is 16. Command: {"delete": "customers", "ordered": true, "$db": "electronics_store", "lsid": {"id": {"$binary": {"base64": "EG3nt2AiTreZRhm5uU7a7w==", "subType": "04"}}}, "deletes": [{"q": {}, "limit": 0}]}
2024-11-07T16:47:46.966+05:30 DEBUG 31828 --- [restdemoApplication] [           main] org.mongodb.driver.protocol.command      : Command "delete" succeeded on database "electronics_store" in 1.4165 ms using a connection with driver-generated ID 3 and server-generated ID 69 to localhost:27017. The request ID is 17 and the operation ID is 16. Command reply: {"n": 0, "ok": 1.0}
2024-11-07T16:47:46.966+05:30 DEBUG 31828 --- [restdemoApplication] [           main] org.mongodb.driver.connection            : Connection checked in: address=localhost:27017, driver-generated ID=3
]]></system-out>
  </testcase>
  <testcase name="testFindAllCustomers" classname="com.example.jap.CustomerRepositoryTest" time="0.021">
    <system-out><![CDATA[2024-11-07T16:47:46.971+05:30 DEBUG 31828 --- [restdemoApplication] [           main] o.s.data.mongodb.core.MongoTemplate      : Saving Document containing fields: [_id, customerName, customerPhoneNo, customerProduct, _class]
2024-11-07T16:47:46.971+05:30 DEBUG 31828 --- [restdemoApplication] [           main] org.mongodb.driver.cluster               : Server selection started for operation with ID 17. Selector: WritableServerSelector, topology description: {type=STANDALONE, servers=[{address=localhost:27017, type=STANDALONE, roundTripTime=18.3 ms, state=CONNECTED}]
2024-11-07T16:47:46.971+05:30 DEBUG 31828 --- [restdemoApplication] [           main] org.mongodb.driver.cluster               : Server selection succeeded for operation with ID 17. Selected server: localhost:27017. Selector: WritableServerSelector, topology description: {type=STANDALONE, servers=[{address=localhost:27017, type=STANDALONE, roundTripTime=18.3 ms, state=CONNECTED}]
2024-11-07T16:47:46.971+05:30 DEBUG 31828 --- [restdemoApplication] [           main] org.mongodb.driver.connection            : Checkout started for connection to localhost:27017
2024-11-07T16:47:46.972+05:30 DEBUG 31828 --- [restdemoApplication] [           main] org.mongodb.driver.connection            : Connection checked out: address=localhost:27017, driver-generated ID=3, duration=0 ms
2024-11-07T16:47:46.972+05:30 DEBUG 31828 --- [restdemoApplication] [           main] org.mongodb.driver.operation             : retryWrites set to true but the server is a standalone server.
2024-11-07T16:47:46.972+05:30 DEBUG 31828 --- [restdemoApplication] [           main] org.mongodb.driver.operation             : retryWrites set to true but the server is a standalone server.
2024-11-07T16:47:46.972+05:30 DEBUG 31828 --- [restdemoApplication] [           main] org.mongodb.driver.protocol.command      : Command "update" started on database "electronics_store" using a connection with driver-generated ID 3 and server-generated ID 69 to localhost:27017. The request ID is 18 and the operation ID is 17. Command: {"update": "customers", "ordered": true, "$db": "electronics_store", "lsid": {"id": {"$binary": {"base64": "EG3nt2AiTreZRhm5uU7a7w==", "subType": "04"}}}, "updates": [{"q": {"_id": "C001"}, "u": {"_id": "C001", "customerName": "John Doe", "customerPhoneNo": "1234567890", "customerProduct": {"productId": "P001", "productName": "Laptop", "productDescription": "Gaming Laptop"}, "_class": "com.example.jap.Customer"}, "upsert": true}]}
2024-11-07T16:47:46.976+05:30 DEBUG 31828 --- [restdemoApplication] [           main] org.mongodb.driver.protocol.command      : Command "update" succeeded on database "electronics_store" in 2.9665 ms using a connection with driver-generated ID 3 and server-generated ID 69 to localhost:27017. The request ID is 18 and the operation ID is 17. Command reply: {"n": 1, "upserted": [{"index": 0, "_id": "C001"}], "nModified": 0, "ok": 1.0}
2024-11-07T16:47:46.976+05:30 DEBUG 31828 --- [restdemoApplication] [           main] org.mongodb.driver.connection            : Connection checked in: address=localhost:27017, driver-generated ID=3
2024-11-07T16:47:46.977+05:30 DEBUG 31828 --- [restdemoApplication] [           main] o.s.data.mongodb.core.MongoTemplate      : find using query: {} fields: Document{{}} sort: null for class: class com.example.jap.Customer in collection: customers
2024-11-07T16:47:46.979+05:30 DEBUG 31828 --- [restdemoApplication] [           main] org.mongodb.driver.cluster               : Server selection started for operation with ID 18. Selector: ReadPreferenceServerSelector{readPreference=primary}, topology description: {type=STANDALONE, servers=[{address=localhost:27017, type=STANDALONE, roundTripTime=18.3 ms, state=CONNECTED}]
2024-11-07T16:47:46.980+05:30 DEBUG 31828 --- [restdemoApplication] [           main] org.mongodb.driver.cluster               : Server selection succeeded for operation with ID 18. Selected server: localhost:27017. Selector: ReadPreferenceServerSelector{readPreference=primary}, topology description: {type=STANDALONE, servers=[{address=localhost:27017, type=STANDALONE, roundTripTime=18.3 ms, state=CONNECTED}]
2024-11-07T16:47:46.980+05:30 DEBUG 31828 --- [restdemoApplication] [           main] org.mongodb.driver.connection            : Checkout started for connection to localhost:27017
2024-11-07T16:47:46.980+05:30 DEBUG 31828 --- [restdemoApplication] [           main] org.mongodb.driver.connection            : Connection checked out: address=localhost:27017, driver-generated ID=3, duration=0 ms
2024-11-07T16:47:46.981+05:30 DEBUG 31828 --- [restdemoApplication] [           main] org.mongodb.driver.protocol.command      : Command "find" started on database "electronics_store" using a connection with driver-generated ID 3 and server-generated ID 69 to localhost:27017. The request ID is 19 and the operation ID is 18. Command: {"find": "customers", "filter": {}, "$db": "electronics_store", "lsid": {"id": {"$binary": {"base64": "EG3nt2AiTreZRhm5uU7a7w==", "subType": "04"}}}}
2024-11-07T16:47:46.983+05:30 DEBUG 31828 --- [restdemoApplication] [           main] org.mongodb.driver.protocol.command      : Command "find" succeeded on database "electronics_store" in 1.8303 ms using a connection with driver-generated ID 3 and server-generated ID 69 to localhost:27017. The request ID is 19 and the operation ID is 18. Command reply: {"cursor": {"firstBatch": [{"_id": "C001", "customerName": "John Doe", "customerPhoneNo": "1234567890", "customerProduct": {"productId": "P001", "productName": "Laptop", "productDescription": "Gaming Laptop"}, "_class": "com.example.jap.Customer"}], "id": 0, "ns": "electronics_store.customers"}, "ok": 1.0}
2024-11-07T16:47:46.983+05:30 DEBUG 31828 --- [restdemoApplication] [           main] org.mongodb.driver.operation             : Received batch of 1 documents with cursorId 0 from server localhost:27017
2024-11-07T16:47:46.983+05:30 DEBUG 31828 --- [restdemoApplication] [           main] org.mongodb.driver.connection            : Connection checked in: address=localhost:27017, driver-generated ID=3
2024-11-07T16:47:46.986+05:30 DEBUG 31828 --- [restdemoApplication] [           main] o.s.data.mongodb.core.MongoTemplate      : Remove using query: {} in collection: customers.
2024-11-07T16:47:46.986+05:30 DEBUG 31828 --- [restdemoApplication] [           main] org.mongodb.driver.cluster               : Server selection started for operation with ID 19. Selector: WritableServerSelector, topology description: {type=STANDALONE, servers=[{address=localhost:27017, type=STANDALONE, roundTripTime=18.3 ms, state=CONNECTED}]
2024-11-07T16:47:46.987+05:30 DEBUG 31828 --- [restdemoApplication] [           main] org.mongodb.driver.cluster               : Server selection succeeded for operation with ID 19. Selected server: localhost:27017. Selector: WritableServerSelector, topology description: {type=STANDALONE, servers=[{address=localhost:27017, type=STANDALONE, roundTripTime=18.3 ms, state=CONNECTED}]
2024-11-07T16:47:46.987+05:30 DEBUG 31828 --- [restdemoApplication] [           main] org.mongodb.driver.connection            : Checkout started for connection to localhost:27017
2024-11-07T16:47:46.987+05:30 DEBUG 31828 --- [restdemoApplication] [           main] org.mongodb.driver.connection            : Connection checked out: address=localhost:27017, driver-generated ID=3, duration=0 ms
2024-11-07T16:47:46.987+05:30 DEBUG 31828 --- [restdemoApplication] [           main] org.mongodb.driver.operation             : retryWrites set to true but the server is a standalone server.
2024-11-07T16:47:46.987+05:30 DEBUG 31828 --- [restdemoApplication] [           main] org.mongodb.driver.operation             : retryWrites set to true but the server is a standalone server.
2024-11-07T16:47:46.988+05:30 DEBUG 31828 --- [restdemoApplication] [           main] org.mongodb.driver.protocol.command      : Command "delete" started on database "electronics_store" using a connection with driver-generated ID 3 and server-generated ID 69 to localhost:27017. The request ID is 20 and the operation ID is 19. Command: {"delete": "customers", "ordered": true, "$db": "electronics_store", "lsid": {"id": {"$binary": {"base64": "EG3nt2AiTreZRhm5uU7a7w==", "subType": "04"}}}, "deletes": [{"q": {}, "limit": 0}]}
2024-11-07T16:47:46.989+05:30 DEBUG 31828 --- [restdemoApplication] [           main] org.mongodb.driver.protocol.command      : Command "delete" succeeded on database "electronics_store" in 1.6238 ms using a connection with driver-generated ID 3 and server-generated ID 69 to localhost:27017. The request ID is 20 and the operation ID is 19. Command reply: {"n": 1, "ok": 1.0}
2024-11-07T16:47:46.989+05:30 DEBUG 31828 --- [restdemoApplication] [           main] org.mongodb.driver.connection            : Connection checked in: address=localhost:27017, driver-generated ID=3
]]></system-out>
  </testcase>
</testsuite>